android/app/build/outputs/logs/manifest-merger-release-report.txt
-- Merging decision tree log ---
manifest
ADDED from src/main/AndroidManifest.xml:1:1-26:12
INJECTED from src/main/AndroidManifest.xml:1:1-26:12
INJECTED from src/main/AndroidManifest.xml:1:1-26:12
INJECTED from src/main/AndroidManifest.xml:1:1-26:12
MERGED from [com.ali.auth.sdk:alibabauth_ui:1.1.4] AndroidManifest.xml:2:1-42:12
MERGED from [com.taobao.android:securityguardaar3:5.1.81] AndroidManifest.xml:2:1-29:12
MERGED from [com.taobao.android:securitybodyaar3:5.1.25] AndroidManifest.xml:2:1-19:12
MERGED from [com.alibaba.sdk.android:alibc_trade_sdk:3.1.1.11] AndroidManifest.xml:2:1-78:12
MERGED from [com.facebook.react:react-native:0.57.8] AndroidManifest.xml:2:1-15:12
MERGED from [com.android.support:appcompat-v7:27.1.1] AndroidManifest.xml:17:1-22:12
MERGED from [com.android.support:support-fragment:27.1.1] AndroidManifest.xml:17:1-22:12
MERGED from [com.android.support:animated-vector-drawable:27.1.1] AndroidManifest.xml:17:1-22:12
MERGED from [com.android.support:support-core-ui:27.1.1] AndroidManifest.xml:17:1-22:12
MERGED from [com.android.support:support-core-utils:27.1.1] AndroidManifest.xml:17:1-22:12
MERGED from [com.android.support:support-vector-drawable:27.1.1] AndroidManifest.xml:17:1-22:12
MERGED from [com.android.support:support-compat:27.1.1] AndroidManifest.xml:17:1-22:12
MERGED from [com.facebook.fresco:fresco:1.10.0] AndroidManifest.xml:2:1-9:12
MERGED from [com.facebook.fresco:imagepipeline-okhttp3:1.10.0] AndroidManifest.xml:2:1-9:12
MERGED from [com.facebook.fresco:drawee:1.10.0] AndroidManifest.xml:2:1-9:12
MERGED from [com.facebook.fresco:imagepipeline:1.10.0] AndroidManifest.xml:2:1-9:12
MERGED from [com.facebook.fresco:imagepipeline-base:1.10.0] AndroidManifest.xml:2:1-9:12
MERGED from [com.facebook.soloader:soloader:0.5.1] AndroidManifest.xml:2:1-13:12
MERGED from [org.webkit:android-jsc:r174650] AndroidManifest.xml:1:1-3:12
MERGED from [android.arch.lifecycle:livedata-core:1.1.0] AndroidManifest.xml:17:1-22:12
MERGED from [android.arch.lifecycle:viewmodel:1.1.0] AndroidManifest.xml:17:1-22:12
MERGED from [com.facebook.fresco:fbcore:1.10.0] AndroidManifest.xml:2:1-9:12
MERGED from [android.arch.lifecycle:runtime:1.1.0] AndroidManifest.xml:17:1-22:12
MERGED from [android.arch.core:runtime:1.1.0] AndroidManifest.xml:17:1-22:12
INJECTED from src/main/AndroidManifest.xml:1:1-26:12
INJECTED from src/main/AndroidManifest.xml:1:1-26:12
INJECTED from src/main/AndroidManifest.xml:1:1-26:12
	package
		ADDED from src/main/AndroidManifest.xml:2:5-35
		INJECTED from src/main/AndroidManifest.xml
		INJECTED from src/main/AndroidManifest.xml
	android:versionName
		INJECTED from src/main/AndroidManifest.xml
		ADDED from src/main/AndroidManifest.xml:1:1-26:12
		INJECTED from src/main/AndroidManifest.xml
	android:versionCode
		INJECTED from src/main/AndroidManifest.xml
		ADDED from src/main/AndroidManifest.xml:1:1-26:12
		INJECTED from src/main/AndroidManifest.xml
	xmlns:android
		ADDED from src/main/AndroidManifest.xml:1:11-69
uses-permission#android.permission.INTERNET
ADDED from src/main/AndroidManifest.xml:4:5-67
MERGED from [com.ali.auth.sdk:alibabauth_ui:1.1.4] AndroidManifest.xml:15:5-67
MERGED from [com.ali.auth.sdk:alibabauth_ui:1.1.4] AndroidManifest.xml:15:5-67
MERGED from [com.taobao.android:securityguardaar3:5.1.81] AndroidManifest.xml:17:5-67
MERGED from [com.taobao.android:securityguardaar3:5.1.81] AndroidManifest.xml:17:5-67
MERGED from [com.taobao.android:securitybodyaar3:5.1.25] AndroidManifest.xml:11:5-67
MERGED from [com.taobao.android:securitybodyaar3:5.1.25] AndroidManifest.xml:11:5-67
MERGED from [com.alibaba.sdk.android:alibc_trade_sdk:3.1.1.11] AndroidManifest.xml:13:5-67
MERGED from [com.alibaba.sdk.android:alibc_trade_sdk:3.1.1.11] AndroidManifest.xml:13:5-67
	android:name
		ADDED from src/main/AndroidManifest.xml:4:22-64
uses-permission#android.permission.SYSTEM_ALERT_WINDOW
ADDED from src/main/AndroidManifest.xml:5:5-77
MERGED from [com.facebook.react:react-native:0.57.8] AndroidManifest.xml:11:5-78
MERGED from [com.facebook.react:react-native:0.57.8] AndroidManifest.xml:11:5-78
	android:name
		ADDED from src/main/AndroidManifest.xml:5:22-75
application
ADDED from src/main/AndroidManifest.xml:7:5-24:19
MERGED from [com.ali.auth.sdk:alibabauth_ui:1.1.4] AndroidManifest.xml:19:5-40:19
MERGED from [com.ali.auth.sdk:alibabauth_ui:1.1.4] AndroidManifest.xml:19:5-40:19
MERGED from [com.taobao.android:securityguardaar3:5.1.81] AndroidManifest.xml:24:5-27:19
MERGED from [com.taobao.android:securityguardaar3:5.1.81] AndroidManifest.xml:24:5-27:19
MERGED from [com.taobao.android:securitybodyaar3:5.1.25] AndroidManifest.xml:14:5-17:19
MERGED from [com.taobao.android:securitybodyaar3:5.1.25] AndroidManifest.xml:14:5-17:19
MERGED from [com.alibaba.sdk.android:alibc_trade_sdk:3.1.1.11] AndroidManifest.xml:19:5-76:19
MERGED from [com.alibaba.sdk.android:alibc_trade_sdk:3.1.1.11] AndroidManifest.xml:19:5-76:19
MERGED from [com.facebook.react:react-native:0.57.8] AndroidManifest.xml:13:5-20
MERGED from [com.facebook.react:react-native:0.57.8] AndroidManifest.xml:13:5-20
MERGED from [com.facebook.soloader:soloader:0.5.1] AndroidManifest.xml:11:5-20
MERGED from [com.facebook.soloader:soloader:0.5.1] AndroidManifest.xml:11:5-20
MERGED from [org.webkit:android-jsc:r174650] AndroidManifest.xml:2:3-17
MERGED from [org.webkit:android-jsc:r174650] AndroidManifest.xml:2:3-17
	android:label
		ADDED from src/main/AndroidManifest.xml:9:7-39
	android:icon
		ADDED from src/main/AndroidManifest.xml:10:7-41
	android:allowBackup
		ADDED from src/main/AndroidManifest.xml:11:7-34
	android:theme
		ADDED from src/main/AndroidManifest.xml:12:7-38
	android:name
		ADDED from src/main/AndroidManifest.xml:8:7-38
activity#com.shoppingguideapp.MainActivity
ADDED from src/main/AndroidManifest.xml:13:7-22:18
	android:label
		ADDED from src/main/AndroidManifest.xml:15:9-41
	android:windowSoftInputMode
		ADDED from src/main/AndroidManifest.xml:17:9-51
	android:configChanges
		ADDED from src/main/AndroidManifest.xml:16:9-79
	android:name
		ADDED from src/main/AndroidManifest.xml:14:9-37
intent-filter#action:name:android.intent.action.MAIN+category:name:android.intent.category.LAUNCHER
ADDED from src/main/AndroidManifest.xml:18:9-21:25
action#android.intent.action.MAIN
ADDED from src/main/AndroidManifest.xml:19:13-65
	android:name
		ADDED from src/main/AndroidManifest.xml:19:21-62
category#android.intent.category.LAUNCHER
ADDED from src/main/AndroidManifest.xml:20:13-73
	android:name
		ADDED from src/main/AndroidManifest.xml:20:23-70
activity#com.facebook.react.devsupport.DevSettingsActivity
ADDED from src/main/AndroidManifest.xml:23:7-84
	android:name
		ADDED from src/main/AndroidManifest.xml:23:17-81
uses-sdk
INJECTED from src/main/AndroidManifest.xml reason: use-sdk injection requested
INJECTED from src/main/AndroidManifest.xml
INJECTED from src/main/AndroidManifest.xml
MERGED from [com.ali.auth.sdk:alibabauth_ui:1.1.4] AndroidManifest.xml:7:5-9:41
MERGED from [com.ali.auth.sdk:alibabauth_ui:1.1.4] AndroidManifest.xml:7:5-9:41
MERGED from [com.taobao.android:securityguardaar3:5.1.81] AndroidManifest.xml:7:5-9:41
MERGED from [com.taobao.android:securityguardaar3:5.1.81] AndroidManifest.xml:7:5-9:41
MERGED from [com.taobao.android:securitybodyaar3:5.1.25] AndroidManifest.xml:7:5-9:41
MERGED from [com.taobao.android:securitybodyaar3:5.1.25] AndroidManifest.xml:7:5-9:41
MERGED from [com.alibaba.sdk.android:alibc_trade_sdk:3.1.1.11] AndroidManifest.xml:8:5-10:41
MERGED from [com.alibaba.sdk.android:alibc_trade_sdk:3.1.1.11] AndroidManifest.xml:8:5-10:41
MERGED from [com.facebook.react:react-native:0.57.8] AndroidManifest.xml:7:5-9:41
MERGED from [com.facebook.react:react-native:0.57.8] AndroidManifest.xml:7:5-9:41
MERGED from [com.android.support:appcompat-v7:27.1.1] AndroidManifest.xml:20:5-44
MERGED from [com.android.support:appcompat-v7:27.1.1] AndroidManifest.xml:20:5-44
MERGED from [com.android.support:support-fragment:27.1.1] AndroidManifest.xml:20:5-44
MERGED from [com.android.support:support-fragment:27.1.1] AndroidManifest.xml:20:5-44
MERGED from [com.android.support:animated-vector-drawable:27.1.1] AndroidManifest.xml:20:5-44
MERGED from [com.android.support:animated-vector-drawable:27.1.1] AndroidManifest.xml:20:5-44
MERGED from [com.android.support:support-core-ui:27.1.1] AndroidManifest.xml:20:5-44
MERGED from [com.android.support:support-core-ui:27.1.1] AndroidManifest.xml:20:5-44
MERGED from [com.android.support:support-core-utils:27.1.1] AndroidManifest.xml:20:5-44
MERGED from [com.android.support:support-core-utils:27.1.1] AndroidManifest.xml:20:5-44
MERGED from [com.android.support:support-vector-drawable:27.1.1] AndroidManifest.xml:20:5-44
MERGED from [com.android.support:support-vector-drawable:27.1.1] AndroidManifest.xml:20:5-44
MERGED from [com.android.support:support-compat:27.1.1] AndroidManifest.xml:20:5-44
MERGED from [com.android.support:support-compat:27.1.1] AndroidManifest.xml:20:5-44
MERGED from [com.facebook.fresco:fresco:1.10.0] AndroidManifest.xml:5:5-7:41
MERGED from [com.facebook.fresco:fresco:1.10.0] AndroidManifest.xml:5:5-7:41
MERGED from [com.facebook.fresco:imagepipeline-okhttp3:1.10.0] AndroidManifest.xml:5:5-7:41
MERGED from [com.facebook.fresco:imagepipeline-okhttp3:1.10.0] AndroidManifest.xml:5:5-7:41
MERGED from [com.facebook.fresco:drawee:1.10.0] AndroidManifest.xml:5:5-7:41
MERGED from [com.facebook.fresco:drawee:1.10.0] AndroidManifest.xml:5:5-7:41
MERGED from [com.facebook.fresco:imagepipeline:1.10.0] AndroidManifest.xml:5:5-7:41
MERGED from [com.facebook.fresco:imagepipeline:1.10.0] AndroidManifest.xml:5:5-7:41
MERGED from [com.facebook.fresco:imagepipeline-base:1.10.0] AndroidManifest.xml:5:5-7:41
MERGED from [com.facebook.fresco:imagepipeline-base:1.10.0] AndroidManifest.xml:5:5-7:41
MERGED from [com.facebook.soloader:soloader:0.5.1] AndroidManifest.xml:7:5-9:41
MERGED from [com.facebook.soloader:soloader:0.5.1] AndroidManifest.xml:7:5-9:41
MERGED from [android.arch.lifecycle:livedata-core:1.1.0] AndroidManifest.xml:20:5-44
MERGED from [android.arch.lifecycle:livedata-core:1.1.0] AndroidManifest.xml:20:5-44
MERGED from [android.arch.lifecycle:viewmodel:1.1.0] AndroidManifest.xml:20:5-44
MERGED from [android.arch.lifecycle:viewmodel:1.1.0] AndroidManifest.xml:20:5-44
MERGED from [com.facebook.fresco:fbcore:1.10.0] AndroidManifest.xml:5:5-7:41
MERGED from [com.facebook.fresco:fbcore:1.10.0] AndroidManifest.xml:5:5-7:41
MERGED from [android.arch.lifecycle:runtime:1.1.0] AndroidManifest.xml:20:5-44
MERGED from [android.arch.lifecycle:runtime:1.1.0] AndroidManifest.xml:20:5-44
MERGED from [android.arch.core:runtime:1.1.0] AndroidManifest.xml:20:5-44
MERGED from [android.arch.core:runtime:1.1.0] AndroidManifest.xml:20:5-44
INJECTED from src/main/AndroidManifest.xml
INJECTED from src/main/AndroidManifest.xml
	android:targetSdkVersion
		INJECTED from src/main/AndroidManifest.xml
		ADDED from src/main/AndroidManifest.xml
		INJECTED from src/main/AndroidManifest.xml
	android:minSdkVersion
		INJECTED from src/main/AndroidManifest.xml
		ADDED from src/main/AndroidManifest.xml
		INJECTED from src/main/AndroidManifest.xml
uses-permission#android.permission.WRITE_EXTERNAL_STORAGE
ADDED from [com.ali.auth.sdk:alibabauth_ui:1.1.4] AndroidManifest.xml:11:5-81
MERGED from [com.taobao.android:securityguardaar3:5.1.81] AndroidManifest.xml:12:5-81
MERGED from [com.taobao.android:securityguardaar3:5.1.81] AndroidManifest.xml:12:5-81
MERGED from [com.alibaba.sdk.android:alibc_trade_sdk:3.1.1.11] AndroidManifest.xml:17:5-81
MERGED from [com.alibaba.sdk.android:alibc_trade_sdk:3.1.1.11] AndroidManifest.xml:17:5-81
	android:name
		ADDED from [com.ali.auth.sdk:alibabauth_ui:1.1.4] AndroidManifest.xml:11:22-78
uses-permission#android.permission.ACCESS_NETWORK_STATE
ADDED from [com.ali.auth.sdk:alibabauth_ui:1.1.4] AndroidManifest.xml:12:5-79
MERGED from [com.taobao.android:securityguardaar3:5.1.81] AndroidManifest.xml:13:5-79
MERGED from [com.taobao.android:securityguardaar3:5.1.81] AndroidManifest.xml:13:5-79
MERGED from [com.taobao.android:securitybodyaar3:5.1.25] AndroidManifest.xml:12:5-79
MERGED from [com.taobao.android:securitybodyaar3:5.1.25] AndroidManifest.xml:12:5-79
MERGED from [com.alibaba.sdk.android:alibc_trade_sdk:3.1.1.11] AndroidManifest.xml:14:5-79
MERGED from [com.alibaba.sdk.android:alibc_trade_sdk:3.1.1.11] AndroidManifest.xml:14:5-79
	android:name
		ADDED from [com.ali.auth.sdk:alibabauth_ui:1.1.4] AndroidManifest.xml:12:22-76
uses-permission#android.permission.ACCESS_WIFI_STATE
ADDED from [com.ali.auth.sdk:alibabauth_ui:1.1.4] AndroidManifest.xml:13:5-76
MERGED from [com.taobao.android:securityguardaar3:5.1.81] AndroidManifest.xml:14:5-76
MERGED from [com.taobao.android:securityguardaar3:5.1.81] AndroidManifest.xml:14:5-76
MERGED from [com.alibaba.sdk.android:alibc_trade_sdk:3.1.1.11] AndroidManifest.xml:15:5-76
MERGED from [com.alibaba.sdk.android:alibc_trade_sdk:3.1.1.11] AndroidManifest.xml:15:5-76
	android:name
		ADDED from [com.ali.auth.sdk:alibabauth_ui:1.1.4] AndroidManifest.xml:13:22-73
uses-permission#android.permission.READ_PHONE_STATE
ADDED from [com.ali.auth.sdk:alibabauth_ui:1.1.4] AndroidManifest.xml:14:5-75
MERGED from [com.taobao.android:securityguardaar3:5.1.81] AndroidManifest.xml:15:5-75
MERGED from [com.taobao.android:securityguardaar3:5.1.81] AndroidManifest.xml:15:5-75
MERGED from [com.alibaba.sdk.android:alibc_trade_sdk:3.1.1.11] AndroidManifest.xml:16:5-75
MERGED from [com.alibaba.sdk.android:alibc_trade_sdk:3.1.1.11] AndroidManifest.xml:16:5-75
	android:name
		ADDED from [com.ali.auth.sdk:alibabauth_ui:1.1.4] AndroidManifest.xml:14:22-72
uses-permission#android.permission.READ_EXTERNAL_STORAGE
ADDED from [com.ali.auth.sdk:alibabauth_ui:1.1.4] AndroidManifest.xml:16:5-80
IMPLIED from src/main/AndroidManifest.xml:1:1-26:12 reason: com.ali.member.third.ui requested WRITE_EXTERNAL_STORAGE
MERGED from [com.taobao.android:securityguardaar3:5.1.81] AndroidManifest.xml:11:5-80
MERGED from [com.taobao.android:securityguardaar3:5.1.81] AndroidManifest.xml:11:5-80
	android:name
		ADDED from [com.ali.auth.sdk:alibabauth_ui:1.1.4] AndroidManifest.xml:16:22-77
uses-permission#android.permission.GET_TASKS
ADDED from [com.ali.auth.sdk:alibabauth_ui:1.1.4] AndroidManifest.xml:17:5-68
MERGED from [com.taobao.android:securityguardaar3:5.1.81] AndroidManifest.xml:22:5-68
MERGED from [com.taobao.android:securityguardaar3:5.1.81] AndroidManifest.xml:22:5-68
	android:name
		ADDED from [com.ali.auth.sdk:alibabauth_ui:1.1.4] AndroidManifest.xml:17:22-65
activity#com.ali.auth.third.ui.webview.BaseWebViewActivity
ADDED from [com.ali.auth.sdk:alibabauth_ui:1.1.4] AndroidManifest.xml:20:9-23:69
	android:screenOrientation
		ADDED from [com.ali.auth.sdk:alibabauth_ui:1.1.4] AndroidManifest.xml:22:13-49
	android:theme
		ADDED from [com.ali.auth.sdk:alibabauth_ui:1.1.4] AndroidManifest.xml:23:13-66
	android:name
		ADDED from [com.ali.auth.sdk:alibabauth_ui:1.1.4] AndroidManifest.xml:21:13-77
activity#com.ali.auth.third.ui.LoginWebViewActivity
ADDED from [com.ali.auth.sdk:alibabauth_ui:1.1.4] AndroidManifest.xml:24:9-27:69
	android:screenOrientation
		ADDED from [com.ali.auth.sdk:alibabauth_ui:1.1.4] AndroidManifest.xml:26:13-49
	android:theme
		ADDED from [com.ali.auth.sdk:alibabauth_ui:1.1.4] AndroidManifest.xml:27:13-66
	android:name
		ADDED from [com.ali.auth.sdk:alibabauth_ui:1.1.4] AndroidManifest.xml:25:13-70
activity#com.ali.auth.third.ui.LoginActivity
ADDED from [com.ali.auth.sdk:alibabauth_ui:1.1.4] AndroidManifest.xml:28:9-31:75
	android:screenOrientation
		ADDED from [com.ali.auth.sdk:alibabauth_ui:1.1.4] AndroidManifest.xml:30:13-49
	android:theme
		ADDED from [com.ali.auth.sdk:alibabauth_ui:1.1.4] AndroidManifest.xml:31:13-72
	android:name
		ADDED from [com.ali.auth.sdk:alibabauth_ui:1.1.4] AndroidManifest.xml:29:13-63
activity#com.ali.auth.third.accountlink.ui.BindResultActivity
ADDED from [com.ali.auth.sdk:alibabauth_ui:1.1.4] AndroidManifest.xml:32:9-35:75
	android:screenOrientation
		ADDED from [com.ali.auth.sdk:alibabauth_ui:1.1.4] AndroidManifest.xml:34:13-49
	android:theme
		ADDED from [com.ali.auth.sdk:alibabauth_ui:1.1.4] AndroidManifest.xml:35:13-72
	android:name
		ADDED from [com.ali.auth.sdk:alibabauth_ui:1.1.4] AndroidManifest.xml:33:13-80
activity#com.ali.auth.third.accountlink.ui.UnbindWebViewActivity
ADDED from [com.ali.auth.sdk:alibabauth_ui:1.1.4] AndroidManifest.xml:36:9-39:69
	android:screenOrientation
		ADDED from [com.ali.auth.sdk:alibabauth_ui:1.1.4] AndroidManifest.xml:38:13-49
	android:theme
		ADDED from [com.ali.auth.sdk:alibabauth_ui:1.1.4] AndroidManifest.xml:39:13-66
	android:name
		ADDED from [com.ali.auth.sdk:alibabauth_ui:1.1.4] AndroidManifest.xml:37:13-83
uses-permission#android.permission.WRITE_SETTINGS
ADDED from [com.taobao.android:securityguardaar3:5.1.81] AndroidManifest.xml:16:5-73
	android:name
		ADDED from [com.taobao.android:securityguardaar3:5.1.81] AndroidManifest.xml:16:22-70
uses-permission#android.permission.BLUETOOTH
ADDED from [com.taobao.android:securityguardaar3:5.1.81] AndroidManifest.xml:18:5-68
	android:name
		ADDED from [com.taobao.android:securityguardaar3:5.1.81] AndroidManifest.xml:18:22-65
uses-permission#android.permission.ACCESS_FINE_LOCATION
ADDED from [com.taobao.android:securityguardaar3:5.1.81] AndroidManifest.xml:19:5-79
	android:name
		ADDED from [com.taobao.android:securityguardaar3:5.1.81] AndroidManifest.xml:19:22-76
uses-permission#android.permission.ACCESS_COARSE_LOCATION
ADDED from [com.taobao.android:securityguardaar3:5.1.81] AndroidManifest.xml:20:5-81
	android:name
		ADDED from [com.taobao.android:securityguardaar3:5.1.81] AndroidManifest.xml:20:22-78
uses-permission#android.permission.READ_SETTINGS
ADDED from [com.taobao.android:securityguardaar3:5.1.81] AndroidManifest.xml:21:5-72
	android:name
		ADDED from [com.taobao.android:securityguardaar3:5.1.81] AndroidManifest.xml:21:22-69
uses-permission#android.permission.RUN_INSTRUMENTATION
ADDED from [com.alibaba.sdk.android:alibc_trade_sdk:3.1.1.11] AndroidManifest.xml:12:5-78
	android:name
		ADDED from [com.alibaba.sdk.android:alibc_trade_sdk:3.1.1.11] AndroidManifest.xml:12:22-75
activity#com.alibaba.baichuan.android.trade.ui.activity.AlibcWebViewActivity
ADDED from [com.alibaba.sdk.android:alibc_trade_sdk:3.1.1.11] AndroidManifest.xml:20:9-28:20
	android:screenOrientation
		ADDED from [com.alibaba.sdk.android:alibc_trade_sdk:3.1.1.11] AndroidManifest.xml:22:13-49
	android:name
		ADDED from [com.alibaba.sdk.android:alibc_trade_sdk:3.1.1.11] AndroidManifest.xml:21:13-95
intent-filter#action:name:COM_TAOBAO_TAE_SDK_TRADE_WEB_VIEW_ACTION+category:name:android.intent.category.DEFAULT
ADDED from [com.alibaba.sdk.android:alibc_trade_sdk:3.1.1.11] AndroidManifest.xml:23:13-27:29
action#COM_TAOBAO_TAE_SDK_TRADE_WEB_VIEW_ACTION
ADDED from [com.alibaba.sdk.android:alibc_trade_sdk:3.1.1.11] AndroidManifest.xml:24:17-83
	android:name
		ADDED from [com.alibaba.sdk.android:alibc_trade_sdk:3.1.1.11] AndroidManifest.xml:24:25-80
category#android.intent.category.DEFAULT
ADDED from [com.alibaba.sdk.android:alibc_trade_sdk:3.1.1.11] AndroidManifest.xml:26:17-76
	android:name
		ADDED from [com.alibaba.sdk.android:alibc_trade_sdk:3.1.1.11] AndroidManifest.xml:26:27-73
activity#com.alibaba.baichuan.android.trade.ui.activity.AlibcNativeTaobaoActivity
ADDED from [com.alibaba.sdk.android:alibc_trade_sdk:3.1.1.11] AndroidManifest.xml:29:9-41:20
	android:launchMode
		ADDED from [com.alibaba.sdk.android:alibc_trade_sdk:3.1.1.11] AndroidManifest.xml:32:13-44
	android:exported
		ADDED from [com.alibaba.sdk.android:alibc_trade_sdk:3.1.1.11] AndroidManifest.xml:31:13-36
	android:name
		ADDED from [com.alibaba.sdk.android:alibc_trade_sdk:3.1.1.11] AndroidManifest.xml:30:13-100
intent-filter#action:name:android.intent.action.VIEW+category:name:android.intent.category.BROWSABLE+category:name:android.intent.category.DEFAULT+data:scheme:alisdk
ADDED from [com.alibaba.sdk.android:alibc_trade_sdk:3.1.1.11] AndroidManifest.xml:33:13-40:29
action#android.intent.action.VIEW
ADDED from [com.alibaba.sdk.android:alibc_trade_sdk:3.1.1.11] AndroidManifest.xml:34:17-69
	android:name
		ADDED from [com.alibaba.sdk.android:alibc_trade_sdk:3.1.1.11] AndroidManifest.xml:34:25-66
category#android.intent.category.BROWSABLE
ADDED from [com.alibaba.sdk.android:alibc_trade_sdk:3.1.1.11] AndroidManifest.xml:37:17-78
	android:name
		ADDED from [com.alibaba.sdk.android:alibc_trade_sdk:3.1.1.11] AndroidManifest.xml:37:27-75
data
ADDED from [com.alibaba.sdk.android:alibc_trade_sdk:3.1.1.11] AndroidManifest.xml:39:17-49
	android:scheme
		ADDED from [com.alibaba.sdk.android:alibc_trade_sdk:3.1.1.11] AndroidManifest.xml:39:23-46
activity#com.alibaba.baichuan.android.auth.AlibcAuthActivity
ADDED from [com.alibaba.sdk.android:alibc_trade_sdk:3.1.1.11] AndroidManifest.xml:42:9-47:20
	android:screenOrientation
		ADDED from [com.alibaba.sdk.android:alibc_trade_sdk:3.1.1.11] AndroidManifest.xml:45:13-49
	android:exported
		ADDED from [com.alibaba.sdk.android:alibc_trade_sdk:3.1.1.11] AndroidManifest.xml:44:13-37
	android:theme
		ADDED from [com.alibaba.sdk.android:alibc_trade_sdk:3.1.1.11] AndroidManifest.xml:46:13-61
	android:name
		ADDED from [com.alibaba.sdk.android:alibc_trade_sdk:3.1.1.11] AndroidManifest.xml:43:13-79
activity#com.alipay.sdk.app.H5PayActivity
ADDED from [com.alibaba.sdk.android:alibc_trade_sdk:3.1.1.11] AndroidManifest.xml:48:9-52:50
	android:screenOrientation
		ADDED from [com.alibaba.sdk.android:alibc_trade_sdk:3.1.1.11] AndroidManifest.xml:52:13-47
	android:exported
		ADDED from [com.alibaba.sdk.android:alibc_trade_sdk:3.1.1.11] AndroidManifest.xml:51:13-37
	android:configChanges
		ADDED from [com.alibaba.sdk.android:alibc_trade_sdk:3.1.1.11] AndroidManifest.xml:50:13-74
	android:name
		ADDED from [com.alibaba.sdk.android:alibc_trade_sdk:3.1.1.11] AndroidManifest.xml:49:13-60
activity#com.alipay.sdk.auth.AuthActivity
ADDED from [com.alibaba.sdk.android:alibc_trade_sdk:3.1.1.11] AndroidManifest.xml:53:9-57:50
	android:screenOrientation
		ADDED from [com.alibaba.sdk.android:alibc_trade_sdk:3.1.1.11] AndroidManifest.xml:57:13-47
	android:exported
		ADDED from [com.alibaba.sdk.android:alibc_trade_sdk:3.1.1.11] AndroidManifest.xml:56:13-37
	android:configChanges
		ADDED from [com.alibaba.sdk.android:alibc_trade_sdk:3.1.1.11] AndroidManifest.xml:55:13-74
	android:name
		ADDED from [com.alibaba.sdk.android:alibc_trade_sdk:3.1.1.11] AndroidManifest.xml:54:13-60
service#anetwork.channel.aidl.NetworkService
ADDED from [com.alibaba.sdk.android:alibc_trade_sdk:3.1.1.11] AndroidManifest.xml:60:9-66:19
	android:exported
		ADDED from [com.alibaba.sdk.android:alibc_trade_sdk:3.1.1.11] AndroidManifest.xml:62:13-37
	android:name
		ADDED from [com.alibaba.sdk.android:alibc_trade_sdk:3.1.1.11] AndroidManifest.xml:61:13-64
intent-filter#action:name:anetwork.channel.aidl.IRemoteNetworkGetter
ADDED from [com.alibaba.sdk.android:alibc_trade_sdk:3.1.1.11] AndroidManifest.xml:63:13-65:29
action#anetwork.channel.aidl.IRemoteNetworkGetter
ADDED from [com.alibaba.sdk.android:alibc_trade_sdk:3.1.1.11] AndroidManifest.xml:64:17-85
	android:name
		ADDED from [com.alibaba.sdk.android:alibc_trade_sdk:3.1.1.11] AndroidManifest.xml:64:25-82
service#mtopsdk.xstate.XStateService
ADDED from [com.alibaba.sdk.android:alibc_trade_sdk:3.1.1.11] AndroidManifest.xml:67:9-73:19
	android:exported
		ADDED from [com.alibaba.sdk.android:alibc_trade_sdk:3.1.1.11] AndroidManifest.xml:69:13-37
	android:name
		ADDED from [com.alibaba.sdk.android:alibc_trade_sdk:3.1.1.11] AndroidManifest.xml:68:13-56
intent-filter#action:name:mtopsdk.xstate.aidl.IXState
ADDED from [com.alibaba.sdk.android:alibc_trade_sdk:3.1.1.11] AndroidManifest.xml:70:13-72:29
action#mtopsdk.xstate.aidl.IXState
ADDED from [com.alibaba.sdk.android:alibc_trade_sdk:3.1.1.11] AndroidManifest.xml:71:17-70
	android:name
		ADDED from [com.alibaba.sdk.android:alibc_trade_sdk:3.1.1.11] AndroidManifest.xml:71:25-67
uses-library#android.test.runner
ADDED from [com.alibaba.sdk.android:alibc_trade_sdk:3.1.1.11] AndroidManifest.xml:75:9-60
	android:name
		ADDED from [com.alibaba.sdk.android:alibc_trade_sdk:3.1.1.11] AndroidManifest.xml:75:23-57